<?xml version="1.0" encoding="UTF-8"?>
<testng-results ignored="0" total="3" passed="3" failed="0" skipped="0">
  <reporter-output>
  </reporter-output>
  <suite started-at="2021-02-12T12:47:52 IST" name="Default suite" finished-at="2021-02-12T12:49:19 IST" duration-ms="86485">
    <groups>
    </groups>
    <test started-at="2021-02-12T12:47:52 IST" name="Default test" finished-at="2021-02-12T12:49:19 IST" duration-ms="86485">
      <class name="example.ParallelTesting">
        <test-method signature="executSessionOne()[pri:0, instance:example.ParallelTesting@34f5090e]" started-at="2021-02-12T12:47:52 IST" name="executSessionOne" finished-at="2021-02-12T12:48:48 IST" duration-ms="55605" status="PASS">
          <reporter-output>
          </reporter-output>
        </test-method> <!-- executSessionOne -->
        <test-method signature="executSessionThree()[pri:0, instance:example.ParallelTesting@34f5090e]" started-at="2021-02-12T12:48:48 IST" name="executSessionThree" finished-at="2021-02-12T12:49:11 IST" duration-ms="22798" status="PASS">
          <reporter-output>
          </reporter-output>
        </test-method> <!-- executSessionThree -->
        <test-method signature="executSessionTwo()[pri:0, instance:example.ParallelTesting@34f5090e]" started-at="2021-02-12T12:49:11 IST" name="executSessionTwo" finished-at="2021-02-12T12:49:19 IST" duration-ms="7988" status="PASS">
          <reporter-output>
          </reporter-output>
        </test-method> <!-- executSessionTwo -->
      </class> <!-- example.ParallelTesting -->
    </test> <!-- Default test -->
  </suite> <!-- Default suite -->
</testng-results>
