<?xml version="1.0" encoding="UTF-8"?>
<!-- Generated by org.testng.reporters.JUnitXMLReporter -->
<testsuite ignored="0" hostname="DESKTOP-OTKPN3D" failures="0" tests="3" name="Default test" time="86.485" errors="0" timestamp="2021-02-12T12:49:19 IST">
  <testcase classname="example.ParallelTesting" name="executSessionOne" time="55.605"/>
  <testcase classname="example.ParallelTesting" name="executSessionThree" time="22.798"/>
  <testcase classname="example.ParallelTesting" name="executSessionTwo" time="7.988"/>
</testsuite> <!-- Default test -->
